Release 14.7 - xst P.20131013 (nt64)
Copyright (c) 1995-2013 Xilinx, Inc.  All rights reserved.
--> Parameter TMPDIR set to xst/projnav.tmp


Total REAL time to Xst completion: 0.00 secs
Total CPU time to Xst completion: 0.09 secs
 
--> Parameter xsthdpdir set to xst


Total REAL time to Xst completion: 0.00 secs
Total CPU time to Xst completion: 0.09 secs
 
--> Reading design: top_module.prj

TABLE OF CONTENTS
  1) Synthesis Options Summary
  2) HDL Parsing
  3) HDL Elaboration
  4) HDL Synthesis
       4.1) HDL Synthesis Report
  5) Advanced HDL Synthesis
       5.1) Advanced HDL Synthesis Report
  6) Low Level Synthesis
  7) Partition Report
  8) Design Summary
       8.1) Primitive and Black Box Usage
       8.2) Device utilization summary
       8.3) Partition Resource Summary
       8.4) Timing Report
            8.4.1) Clock Information
            8.4.2) Asynchronous Control Signals Information
            8.4.3) Timing Summary
            8.4.4) Timing Details
            8.4.5) Cross Clock Domains Report


=========================================================================
*                      Synthesis Options Summary                        *
=========================================================================
---- Source Parameters
Input File Name                    : "top_module.prj"
Ignore Synthesis Constraint File   : NO

---- Target Parameters
Output File Name                   : "top_module"
Output Format                      : NGC
Target Device                      : xc6slx16-3-csg324

---- Source Options
Top Module Name                    : top_module
Automatic FSM Extraction           : YES
FSM Encoding Algorithm             : Auto
Safe Implementation                : No
FSM Style                          : LUT
RAM Extraction                     : Yes
RAM Style                          : Auto
ROM Extraction                     : Yes
Shift Register Extraction          : YES
ROM Style                          : Auto
Resource Sharing                   : YES
Asynchronous To Synchronous        : NO
Shift Register Minimum Size        : 2
Use DSP Block                      : Auto
Automatic Register Balancing       : No

---- Target Options
LUT Combining                      : Auto
Reduce Control Sets                : Auto
Add IO Buffers                     : YES
Global Maximum Fanout              : 100000
Add Generic Clock Buffer(BUFG)     : 16
Register Duplication               : YES
Optimize Instantiated Primitives   : NO
Use Clock Enable                   : Auto
Use Synchronous Set                : Auto
Use Synchronous Reset              : Auto
Pack IO Registers into IOBs        : Auto
Equivalent register Removal        : YES

---- General Options
Optimization Goal                  : Speed
Optimization Effort                : 1
Power Reduction                    : NO
Keep Hierarchy                     : No
Netlist Hierarchy                  : As_Optimized
RTL Output                         : Yes
Global Optimization                : AllClockNets
Read Cores                         : YES
Write Timing Constraints           : NO
Cross Clock Analysis               : NO
Hierarchy Separator                : /
Bus Delimiter                      : <>
Case Specifier                     : Maintain
Slice Utilization Ratio            : 100
BRAM Utilization Ratio             : 100
DSP48 Utilization Ratio            : 100
Auto BRAM Packing                  : NO
Slice Utilization Ratio Delta      : 5

=========================================================================


=========================================================================
*                          HDL Parsing                                  *
=========================================================================
Analyzing Verilog file "\\vboxsrv\verilog\Project\proyectoFinal\clock_1sec.v" into library work
Parsing module <clock_1sec>.
Analyzing Verilog file "\\vboxsrv\verilog\Project\proyectoFinal\top_module.v" into library work
Parsing module <top_module>.

=========================================================================
*                            HDL Elaboration                            *
=========================================================================

Elaborating module <top_module>.

Elaborating module <clock_1sec>.

=========================================================================
*                           HDL Synthesis                               *
=========================================================================

Synthesizing Unit <top_module>.
    Related source file is "\\vboxsrv\verilog\Project\proyectoFinal\top_module.v".
    Found 3-bit register for signal <osegA>.
    Found 3-bit register for signal <osegB>.
    Found 3-bit register for signal <osegC>.
    Found 3-bit register for signal <osegD>.
    Found 3-bit register for signal <osegE>.
    Found 3-bit register for signal <osegF>.
    Found 3-bit register for signal <osegG>.
    Found 3-bit register for signal <segA>.
    Found 3-bit register for signal <segB>.
    Found 3-bit register for signal <segC>.
    Found 3-bit register for signal <segD>.
    Found 3-bit register for signal <segE>.
    Found 3-bit register for signal <segF>.
    Found 3-bit register for signal <segG>.
    Found 1-bit register for signal <reloj>.
    Summary:
	inferred  43 D-type flip-flop(s).
Unit <top_module> synthesized.

Synthesizing Unit <clock_1sec>.
    Related source file is "\\vboxsrv\verilog\Project\proyectoFinal\clock_1sec.v".
    Found 30-bit register for signal <counter>.
    Found 30-bit adder for signal <counter[29]_GND_2_o_add_2_OUT> created at line 35.
    Summary:
	inferred   1 Adder/Subtractor(s).
	inferred  30 D-type flip-flop(s).
Unit <clock_1sec> synthesized.

=========================================================================
HDL Synthesis Report

Macro Statistics
# Adders/Subtractors                                   : 1
 30-bit adder                                          : 1
# Registers                                            : 16
 1-bit register                                        : 1
 3-bit register                                        : 14
 30-bit register                                       : 1

=========================================================================

=========================================================================
*                       Advanced HDL Synthesis                          *
=========================================================================


Synthesizing (advanced) Unit <clock_1sec>.
The following registers are absorbed into counter <counter>: 1 register on signal <counter>.
Unit <clock_1sec> synthesized (advanced).

=========================================================================
Advanced HDL Synthesis Report

Macro Statistics
# Counters                                             : 1
 30-bit up counter                                     : 1
# Registers                                            : 43
 Flip-Flops                                            : 43

=========================================================================

=========================================================================
*                         Low Level Synthesis                           *
=========================================================================

Optimizing unit <top_module> ...

Mapping all equations...
Building and optimizing final netlist ...
Found area constraint ratio of 100 (+ 5) on block top_module, actual ratio is 0.

Final Macro Processing ...

=========================================================================
Final Register Report

Macro Statistics
# Registers                                            : 73
 Flip-Flops                                            : 73

=========================================================================

=========================================================================
*                           Partition Report                            *
=========================================================================

Partition Implementation Status
-------------------------------

  No Partitions were found in this design.

-------------------------------

=========================================================================
*                            Design Summary                             *
=========================================================================

Top Level Output File Name         : top_module.ngc

Primitive and Black Box Usage:
------------------------------
# BELS                             : 133
#      GND                         : 1
#      INV                         : 2
#      LUT1                        : 29
#      LUT5                        : 1
#      LUT6                        : 40
#      MUXCY                       : 29
#      VCC                         : 1
#      XORCY                       : 30
# FlipFlops/Latches                : 73
#      FD                          : 52
#      FDE                         : 21
# Clock Buffers                    : 2
#      BUFG                        : 1
#      BUFGP                       : 1
# IO Buffers                       : 30
#      IBUF                        : 8
#      OBUF                        : 22

Device utilization summary:
---------------------------

Selected Device : 6slx16csg324-3 


Slice Logic Utilization: 
 Number of Slice Registers:              73  out of  18224     0%  
 Number of Slice LUTs:                   72  out of   9112     0%  
    Number used as Logic:                72  out of   9112     0%  

Slice Logic Distribution: 
 Number of LUT Flip Flop pairs used:    114
   Number with an unused Flip Flop:      41  out of    114    35%  
   Number with an unused LUT:            42  out of    114    36%  
   Number of fully used LUT-FF pairs:    31  out of    114    27%  
   Number of unique control sets:         3

IO Utilization: 
 Number of IOs:                          31
 Number of bonded IOBs:                  31  out of    232    13%  

Specific Feature Utilization:
 Number of BUFG/BUFGCTRLs:                2  out of     16    12%  

---------------------------
Partition Resource Summary:
---------------------------

  No Partitions were found in this design.

---------------------------


=========================================================================
Timing Report

NOTE: THESE TIMING NUMBERS ARE ONLY A SYNTHESIS ESTIMATE.
      FOR ACCURATE TIMING INFORMATION PLEASE REFER TO THE TRACE REPORT
      GENERATED AFTER PLACE-and-ROUTE.

Clock Information:
------------------
-----------------------------------+------------------------+-------+
Clock Signal                       | Clock buffer(FF name)  | Load  |
-----------------------------------+------------------------+-------+
pulso(pulso1seg/Y<29>6:O)          | BUFG(*)(segA_0)        | 43    |
clk                                | BUFGP                  | 30    |
-----------------------------------+------------------------+-------+
(*) This 1 clock signal(s) are generated by combinatorial logic,
and XST is not able to identify which are the primary clock signals.
Please use the CLOCK_SIGNAL constraint to specify the clock signal(s) generated by combinatorial logic.

Asynchronous Control Signals Information:
----------------------------------------
No asynchronous control signals found in this design

Timing Summary:
---------------
Speed Grade: -3

   Minimum period: 3.322ns (Maximum Frequency: 301.014MHz)
   Minimum input arrival time before clock: 2.657ns
   Maximum output required time after clock: 3.634ns
   Maximum combinational path delay: No path found

Timing Details:
---------------
All values displayed in nanoseconds (ns)

=========================================================================
Timing constraint: Default period analysis for Clock 'pulso'
  Clock period: 1.950ns (frequency: 512.794MHz)
  Total number of paths / destination ports: 36 / 36
-------------------------------------------------------------------------
Delay:               1.950ns (Levels of Logic = 1)
  Source:            reloj (FF)
  Destination:       reloj (FF)
  Source Clock:      pulso rising
  Destination Clock: pulso rising

  Data Path: reloj to reloj
                                Gate     Net
    Cell:in->out      fanout   Delay   Delay  Logical Name (Net Name)
    ----------------------------------------  ------------
     FD:C->Q               2   0.447   0.616  reloj (reloj_OBUF)
     INV:I->O              1   0.206   0.579  reloj_rstpot1_INV_0 (reloj_rstpot)
     FD:D                      0.102          reloj
    ----------------------------------------
    Total                      1.950ns (0.755ns logic, 1.195ns route)
                                       (38.7% logic, 61.3% route)

=========================================================================
Timing constraint: Default period analysis for Clock 'clk'
  Clock period: 3.322ns (frequency: 301.014MHz)
  Total number of paths / destination ports: 1365 / 30
-------------------------------------------------------------------------
Delay:               3.322ns (Levels of Logic = 26)
  Source:            pulso1seg/counter_0 (FF)
  Destination:       pulso1seg/counter_23 (FF)
  Source Clock:      clk rising
  Destination Clock: clk rising

  Data Path: pulso1seg/counter_0 to pulso1seg/counter_23
                                Gate     Net
    Cell:in->out      fanout   Delay   Delay  Logical Name (Net Name)
    ----------------------------------------  ------------
     FD:C->Q               3   0.447   0.650  pulso1seg/counter_0 (pulso1seg/counter_0)
     INV:I->O              1   0.206   0.000  pulso1seg/Mcount_counter_lut<0>_INV_0 (pulso1seg/Mcount_counter_lut<0>)
     MUXCY:S->O            1   0.172   0.000  pulso1seg/Mcount_counter_cy<0> (pulso1seg/Mcount_counter_cy<0>)
     MUXCY:CI->O           1   0.019   0.000  pulso1seg/Mcount_counter_cy<1> (pulso1seg/Mcount_counter_cy<1>)
     MUXCY:CI->O           1   0.019   0.000  pulso1seg/Mcount_counter_cy<2> (pulso1seg/Mcount_counter_cy<2>)
     MUXCY:CI->O           1   0.019   0.000  pulso1seg/Mcount_counter_cy<3> (pulso1seg/Mcount_counter_cy<3>)
     MUXCY:CI->O           1   0.019   0.000  pulso1seg/Mcount_counter_cy<4> (pulso1seg/Mcount_counter_cy<4>)
     MUXCY:CI->O           1   0.019   0.000  pulso1seg/Mcount_counter_cy<5> (pulso1seg/Mcount_counter_cy<5>)
     MUXCY:CI->O           1   0.019   0.000  pulso1seg/Mcount_counter_cy<6> (pulso1seg/Mcount_counter_cy<6>)
     MUXCY:CI->O           1   0.019   0.000  pulso1seg/Mcount_counter_cy<7> (pulso1seg/Mcount_counter_cy<7>)
     MUXCY:CI->O           1   0.019   0.000  pulso1seg/Mcount_counter_cy<8> (pulso1seg/Mcount_counter_cy<8>)
     MUXCY:CI->O           1   0.019   0.000  pulso1seg/Mcount_counter_cy<9> (pulso1seg/Mcount_counter_cy<9>)
     MUXCY:CI->O           1   0.019   0.000  pulso1seg/Mcount_counter_cy<10> (pulso1seg/Mcount_counter_cy<10>)
     MUXCY:CI->O           1   0.019   0.000  pulso1seg/Mcount_counter_cy<11> (pulso1seg/Mcount_counter_cy<11>)
     MUXCY:CI->O           1   0.019   0.000  pulso1seg/Mcount_counter_cy<12> (pulso1seg/Mcount_counter_cy<12>)
     MUXCY:CI->O           1   0.019   0.000  pulso1seg/Mcount_counter_cy<13> (pulso1seg/Mcount_counter_cy<13>)
     MUXCY:CI->O           1   0.019   0.000  pulso1seg/Mcount_counter_cy<14> (pulso1seg/Mcount_counter_cy<14>)
     MUXCY:CI->O           1   0.019   0.000  pulso1seg/Mcount_counter_cy<15> (pulso1seg/Mcount_counter_cy<15>)
     MUXCY:CI->O           1   0.019   0.000  pulso1seg/Mcount_counter_cy<16> (pulso1seg/Mcount_counter_cy<16>)
     MUXCY:CI->O           1   0.019   0.000  pulso1seg/Mcount_counter_cy<17> (pulso1seg/Mcount_counter_cy<17>)
     MUXCY:CI->O           1   0.019   0.000  pulso1seg/Mcount_counter_cy<18> (pulso1seg/Mcount_counter_cy<18>)
     MUXCY:CI->O           1   0.019   0.000  pulso1seg/Mcount_counter_cy<19> (pulso1seg/Mcount_counter_cy<19>)
     MUXCY:CI->O           1   0.019   0.000  pulso1seg/Mcount_counter_cy<20> (pulso1seg/Mcount_counter_cy<20>)
     MUXCY:CI->O           1   0.019   0.000  pulso1seg/Mcount_counter_cy<21> (pulso1seg/Mcount_counter_cy<21>)
     MUXCY:CI->O           1   0.019   0.000  pulso1seg/Mcount_counter_cy<22> (pulso1seg/Mcount_counter_cy<22>)
     XORCY:CI->O           1   0.180   0.944  pulso1seg/Mcount_counter_xor<23> (Result<23>)
     LUT6:I0->O            1   0.203   0.000  pulso1seg/counter_23_rstpot (pulso1seg/counter_23_rstpot)
     FD:D                      0.102          pulso1seg/counter_23
    ----------------------------------------
    Total                      3.322ns (1.728ns logic, 1.594ns route)
                                       (52.0% logic, 48.0% route)

=========================================================================
Timing constraint: Default OFFSET IN BEFORE for Clock 'pulso'
  Total number of paths / destination ports: 28 / 28
-------------------------------------------------------------------------
Offset:              2.657ns (Levels of Logic = 1)
  Source:            enable (PAD)
  Destination:       segA_0 (FF)
  Destination Clock: pulso rising

  Data Path: enable to segA_0
                                Gate     Net
    Cell:in->out      fanout   Delay   Delay  Logical Name (Net Name)
    ----------------------------------------  ------------
     IBUF:I->O            21   1.222   1.113  enable_IBUF (enable_IBUF)
     FDE:CE                    0.322          segA_0
    ----------------------------------------
    Total                      2.657ns (1.544ns logic, 1.113ns route)
                                       (58.1% logic, 41.9% route)

=========================================================================
Timing constraint: Default OFFSET OUT AFTER for Clock 'pulso'
  Total number of paths / destination ports: 22 / 22
-------------------------------------------------------------------------
Offset:              3.634ns (Levels of Logic = 1)
  Source:            reloj (FF)
  Destination:       reloj (PAD)
  Source Clock:      pulso rising

  Data Path: reloj to reloj
                                Gate     Net
    Cell:in->out      fanout   Delay   Delay  Logical Name (Net Name)
    ----------------------------------------  ------------
     FD:C->Q               2   0.447   0.616  reloj (reloj_OBUF)
     OBUF:I->O                 2.571          reloj_OBUF (reloj)
    ----------------------------------------
    Total                      3.634ns (3.018ns logic, 0.616ns route)
                                       (83.0% logic, 17.0% route)

=========================================================================

Cross Clock Domains Report:
--------------------------

Clock to Setup on destination clock clk
---------------+---------+---------+---------+---------+
               | Src:Rise| Src:Fall| Src:Rise| Src:Fall|
Source Clock   |Dest:Rise|Dest:Rise|Dest:Fall|Dest:Fall|
---------------+---------+---------+---------+---------+
clk            |    3.322|         |         |         |
---------------+---------+---------+---------+---------+

Clock to Setup on destination clock pulso
---------------+---------+---------+---------+---------+
               | Src:Rise| Src:Fall| Src:Rise| Src:Fall|
Source Clock   |Dest:Rise|Dest:Rise|Dest:Fall|Dest:Fall|
---------------+---------+---------+---------+---------+
pulso          |    1.950|         |         |         |
---------------+---------+---------+---------+---------+

=========================================================================


Total REAL time to Xst completion: 7.00 secs
Total CPU time to Xst completion: 7.17 secs
 
--> 

Total memory usage is 259336 kilobytes

Number of errors   :    0 (   0 filtered)
Number of warnings :    0 (   0 filtered)
Number of infos    :    0 (   0 filtered)

